<?xml version="1.0" encoding="UTF-8"?>
<!-- Generated by org.testng.reporters.JUnitReportReporter -->
<testsuite skipped="0" hostname="KOWSALYA" name="com.testNG.TimeOut_Exception" tests="1" failures="0" timestamp="2022-02-16T20:37:22 IST" time="6.527" errors="0">
  <testcase name="login" time="6.527" classname="com.testNG.TimeOut_Exception"/>
  <system-out/>
</testsuite> <!-- com.testNG.TimeOut_Exception -->
