<?xml version="1.0" encoding="UTF-8"?>
<!-- Generated by org.testng.reporters.JUnitReportReporter -->
<testsuite skipped="0" hostname="KOWSALYA" name="com.testNG.Parameterised_Test" tests="1" failures="0" timestamp="2022-02-19T20:33:45 IST" time="0.007" errors="0">
  <testcase name="credentials" time="0.007" classname="com.testNG.Parameterised_Test"/>
  <system-out/>
</testsuite> <!-- com.testNG.Parameterised_Test -->
