<?xml version="1.0" encoding="UTF-8"?>
<!-- Generated by org.testng.reporters.JUnitReportReporter -->
<testsuite skipped="0" hostname="KOWSALYA" name="com.testNG.Priority_Test" tests="4" failures="0" timestamp="2022-02-14T20:56:06 IST" time="0.010" errors="0">
  <testcase name="setProperty" time="0.007" classname="com.testNG.Priority_Test"/>
  <system-out/>
  <testcase name="browserLaunch" time="0.001" classname="com.testNG.Priority_Test"/>
  <system-out/>
  <testcase name="getUrl" time="0.000" classname="com.testNG.Priority_Test"/>
  <system-out/>
  <testcase name="signIn" time="0.002" classname="com.testNG.Priority_Test"/>
  <system-out/>
</testsuite> <!-- com.testNG.Priority_Test -->
