<?xml version="1.0" encoding="UTF-8"?>
<!-- Generated by org.testng.reporters.JUnitReportReporter -->
<testsuite skipped="1" hostname="KOWSALYA" name="com.testNG.Ignore_Test" tests="3" failures="0" timestamp="2022-02-14T20:44:41 IST" time="0.011" errors="0">
  <testcase name="men" time="0.010" classname="com.testNG.Ignore_Test"/>
  <system-out/>
  <testcase name="tshirt" time="0.001" classname="com.testNG.Ignore_Test"/>
  <system-out/>
  <testcase name="child" classname="com.testNG.Ignore_Test">
    <skipped/>
  </testcase> <!-- child -->
  <system-out/>
</testsuite> <!-- com.testNG.Ignore_Test -->
