<?xml version="1.0" encoding="UTF-8"?>
<!-- Generated by org.testng.reporters.JUnitReportReporter -->
<testsuite skipped="0" hostname="KOWSALYA" name="com.testNG.Invocation_Count" tests="5" failures="0" timestamp="2022-02-16T20:22:15 IST" time="0.011" errors="0">
  <testcase name="setProperty" time="0.007" classname="com.testNG.Invocation_Count"/>
  <system-out/>
  <testcase name="browserLaunch" time="0.001" classname="com.testNG.Invocation_Count"/>
  <system-out/>
  <testcase name="refresh" time="0.001" classname="com.testNG.Invocation_Count"/>
  <system-out/>
  <testcase name="refresh" time="0.001" classname="com.testNG.Invocation_Count"/>
  <system-out/>
  <testcase name="refresh" time="0.001" classname="com.testNG.Invocation_Count"/>
  <system-out/>
</testsuite> <!-- com.testNG.Invocation_Count -->
