<?xml version="1.0" encoding="UTF-8"?>
<!-- Generated by org.testng.reporters.JUnitReportReporter -->
<testsuite skipped="0" hostname="KOWSALYA" name="com.testNG.Expected_Exceptions" tests="1" failures="0" timestamp="2022-02-16T20:53:01 IST" time="0.006" errors="0">
  <testcase name="Demo" time="0.006" classname="com.testNG.Expected_Exceptions"/>
  <system-out/>
</testsuite> <!-- com.testNG.Expected_Exceptions -->
