<?xml version="1.0" encoding="UTF-8"?>
<!-- Generated by org.testng.reporters.JUnitReportReporter -->
<testsuite skipped="0" hostname="KOWSALYA" name="com.testNG.Grouping" tests="4" failures="0" timestamp="2022-02-18T21:02:27 IST" time="0.012" errors="0">
  <testcase name="Tshirt" time="0.008" classname="com.testNG.Grouping"/>
  <system-out/>
  <testcase name="dressess" time="0.001" classname="com.testNG.Grouping"/>
  <system-out/>
  <testcase name="wynk" time="0.002" classname="com.testNG.Grouping"/>
  <system-out/>
  <testcase name="spotify" time="0.001" classname="com.testNG.Grouping"/>
  <system-out/>
</testsuite> <!-- com.testNG.Grouping -->
