<?xml version="1.0" encoding="UTF-8"?>
<!-- Generated by org.testng.reporters.JUnitReportReporter -->
<testsuite skipped="0" hostname="KOWSALYA" name="com.testNG.Simple_Annotations" tests="3" failures="0" timestamp="2022-02-15T13:52:19 IST" time="0.007" errors="0">
  <testcase name="dresses" time="0.005" classname="com.testNG.Simple_Annotations"/>
  <system-out/>
  <testcase name="tshirt" time="0.002" classname="com.testNG.Simple_Annotations"/>
  <system-out/>
  <testcase name="women" time="0.000" classname="com.testNG.Simple_Annotations"/>
  <system-out/>
</testsuite> <!-- com.testNG.Simple_Annotations -->
