<?xml version="1.0" encoding="UTF-8"?>
<!-- Generated by org.testng.reporters.JUnitReportReporter -->
<testsuite skipped="0" hostname="KOWSALYA" name="com.testNG.Data_Provider" tests="3" failures="0" timestamp="2022-02-19T20:41:52 IST" time="0.011" errors="0">
  <testcase name="credentials" time="0.001" classname="com.testNG.Data_Provider"/>
  <system-out/>
  <testcase name="credentials" time="0.002" classname="com.testNG.Data_Provider"/>
  <system-out/>
  <testcase name="credentials" time="0.008" classname="com.testNG.Data_Provider"/>
  <system-out/>
</testsuite> <!-- com.testNG.Data_Provider -->
